<?xml version="1.0" encoding="UTF-8"?>
<!-- Generated by org.testng.reporters.JUnitXMLReporter -->
<testsuite hostname="Syeds-MBP" name="Surefire test" tests="8" failures="0" timestamp="17 Feb 2016 21:41:30 GMT" time="28.45" errors="0">
  <testcase name="@BeforeClass beforeClass" time="0.0" classname="com.bdd.SkyGo.SkyGoSmokeTest.TestSkyGoApp">
    <failure type="org.openqa.selenium.SessionNotCreatedException" message="A new session could not be created. (Original error: Could not find a connected Android device.) (WARNING: The server did not provide any stacktrace information)
Command duration or timeout: 27.69 seconds
Build info: version: &amp;apos;2.50.0&amp;apos;, revision: &amp;apos;1070ace4650453d518aeb03e7a9a36c9d264a8e7&amp;apos;, time: &amp;apos;2016-01-27 10:46:18&amp;apos;
System info: host: &amp;apos;Syeds-MBP&amp;apos;, ip: &amp;apos;192.168.0.2&amp;apos;, os.name: &amp;apos;Mac OS X&amp;apos;, os.arch: &amp;apos;x86_64&amp;apos;, os.version: &amp;apos;10.11.3&amp;apos;, java.version: &amp;apos;1.8.0_45&amp;apos;
Driver info: io.appium.java_client.android.AndroidDriver">
      <![CDATA[org.openqa.selenium.SessionNotCreatedException: A new session could not be created. (Original error: Could not find a connected Android device.) (WARNING: The server did not provide any stacktrace information)
Command duration or timeout: 27.69 seconds
Build info: version: '2.50.0', revision: '1070ace4650453d518aeb03e7a9a36c9d264a8e7', time: '2016-01-27 10:46:18'
System info: host: 'Syeds-MBP', ip: '192.168.0.2', os.name: 'Mac OS X', os.arch: 'x86_64', os.version: '10.11.3', java.version: '1.8.0_45'
Driver info: io.appium.java_client.android.AndroidDriver
	at org.openqa.selenium.remote.ErrorHandler.createThrowable(ErrorHandler.java:206)
	at org.openqa.selenium.remote.ErrorHandler.throwIfResponseFailed(ErrorHandler.java:158)
	at org.openqa.selenium.remote.RemoteWebDriver.execute(RemoteWebDriver.java:678)
	at io.appium.java_client.DefaultGenericMobileDriver.execute(DefaultGenericMobileDriver.java:42)
	at io.appium.java_client.AppiumDriver.execute(AppiumDriver.java:1)
	at io.appium.java_client.android.AndroidDriver.execute(AndroidDriver.java:1)
	at org.openqa.selenium.remote.RemoteWebDriver.startSession(RemoteWebDriver.java:249)
	at org.openqa.selenium.remote.RemoteWebDriver.<init>(RemoteWebDriver.java:131)
	at org.openqa.selenium.remote.RemoteWebDriver.<init>(RemoteWebDriver.java:144)
	at io.appium.java_client.DefaultGenericMobileDriver.<init>(DefaultGenericMobileDriver.java:37)
	at io.appium.java_client.AppiumDriver.<init>(AppiumDriver.java:161)
	at io.appium.java_client.AppiumDriver.<init>(AppiumDriver.java:170)
	at io.appium.java_client.android.AndroidDriver.<init>(AndroidDriver.java:82)
	at com.bdd.SkyGo.SkyGoSmokeTest.SetCapabilities.beforeClass(SetCapabilities.java:41)
... Removed 32 stack frames]]>
    </failure>
  </testcase> <!-- @BeforeClass beforeClass -->
  <testcase name="@AfterClass afterClass" time="0.0" classname="com.bdd.SkyGo.SkyGoSmokeTest.TestSkyGoApp">
    <skipped/>
  </testcase> <!-- @AfterClass afterClass -->
  <testcase name="@BeforeClass beforeClass" time="0.0" classname="com.bdd.SkyGo.SkyGoSmokeTest.TestSkyMovies">
    <skipped/>
  </testcase> <!-- @BeforeClass beforeClass -->
  <testcase name="@AfterClass afterClass" time="0.0" classname="com.bdd.SkyGo.SkyGoSmokeTest.TestSkyMovies">
    <skipped/>
  </testcase> <!-- @AfterClass afterClass -->
  <testcase name="testSignInJourny" time="0.0" classname="com.bdd.SkyGo.SkyGoSmokeTest.TestSkyGoApp">
    <skipped/>
  </testcase> <!-- testSignInJourny -->
  <testcase name="testCatchUpLink" time="0.0" classname="com.bdd.SkyGo.SkyGoSmokeTest.TestSkyGoApp">
    <skipped/>
  </testcase> <!-- testCatchUpLink -->
  <testcase name="testSkyBoxSetsLink" time="0.0" classname="com.bdd.SkyGo.SkyGoSmokeTest.TestSkyGoApp">
    <skipped/>
  </testcase> <!-- testSkyBoxSetsLink -->
  <testcase name="testSportsLink" time="0.0" classname="com.bdd.SkyGo.SkyGoSmokeTest.TestSkyGoApp">
    <skipped/>
  </testcase> <!-- testSportsLink -->
  <testcase name="testSearchButton" time="0.001" classname="com.bdd.SkyGo.SkyGoSmokeTest.TestSkyGoApp">
    <skipped/>
  </testcase> <!-- testSearchButton -->
  <testcase name="testRunMovie" time="0.0" classname="com.bdd.SkyGo.SkyGoSmokeTest.TestSkyGoApp">
    <skipped/>
  </testcase> <!-- testRunMovie -->
  <testcase name="testSignOutJourny" time="0.0" classname="com.bdd.SkyGo.SkyGoSmokeTest.TestSkyGoApp">
    <skipped/>
  </testcase> <!-- testSignOutJourny -->
  <testcase name="testRunMovie" time="0.0" classname="com.bdd.SkyGo.SkyGoSmokeTest.TestSkyMovies">
    <skipped/>
  </testcase> <!-- testRunMovie -->
</testsuite> <!-- Surefire test -->
