<html>
<head>
<title>TestNG:  Surefire test</title>
<link href="../testng.css" rel="stylesheet" type="text/css" />
<link href="../my-testng.css" rel="stylesheet" type="text/css" />

<style type="text/css">
.log { display: none;} 
.stack-trace { display: none;} 
</style>
<script type="text/javascript">
<!--
function flip(e) {
  current = e.style.display;
  if (current == 'block') {
    e.style.display = 'none';
    return 0;
  }
  else {
    e.style.display = 'block';
    return 1;
  }
}

function toggleBox(szDivId, elem, msg1, msg2)
{
  var res = -1;  if (document.getElementById) {
    res = flip(document.getElementById(szDivId));
  }
  else if (document.all) {
    // this is the way old msie versions work
    res = flip(document.all[szDivId]);
  }
  if(elem) {
    if(res == 0) elem.innerHTML = msg1; else elem.innerHTML = msg2;
  }

}

function toggleAllBoxes() {
  if (document.getElementsByTagName) {
    d = document.getElementsByTagName('div');
    for (i = 0; i < d.length; i++) {
      if (d[i].className == 'log') {
        flip(d[i]);
      }
    }
  }
}

// -->
</script>

</head>
<body>
<h2 align='center'>Surefire test</h2><table border='1' align="center">
<tr>
<td>Tests passed/Failed/Skipped:</td><td>0/0/8</td>
</tr><tr>
<td>Started on:</td><td>Wed Feb 17 21:41:01 GMT 2016</td>
</tr>
<tr><td>Total time:</td><td>28 seconds (28450 ms)</td>
</tr><tr>
<td>Included groups:</td><td></td>
</tr><tr>
<td>Excluded groups:</td><td></td>
</tr>
</table><p/>
<small><i>(Hover the method name to see the test class name)</i></small><p/>
<table width='100%' border='1' class='invocation-failed'>
<tr><td colspan='4' align='center'><b>FAILED CONFIGURATIONS</b></td></tr>
<tr><td><b>Test method</b></td>
<td width="30%"><b>Exception</b></td>
<td width="10%"><b>Time (seconds)</b></td>
<td><b>Instance</b></td>
</tr>
<tr>
<td title='com.bdd.SkyGo.SkyGoSmokeTest.TestSkyGoApp.beforeClass()'><b>beforeClass</b><br>Test class: com.bdd.SkyGo.SkyGoSmokeTest.TestSkyGoApp</td>
<td><div><pre>org.openqa.selenium.SessionNotCreatedException: A new session could not be created. (Original error: Could not find a connected Android device.) (WARNING: The server did not provide any stacktrace information)
Command duration or timeout: 27.69 seconds
Build info: version: &apos;2.50.0&apos;, revision: &apos;1070ace4650453d518aeb03e7a9a36c9d264a8e7&apos;, time: &apos;2016-01-27 10:46:18&apos;
System info: host: &apos;Syeds-MBP&apos;, ip: &apos;192.168.0.2&apos;, os.name: &apos;Mac OS X&apos;, os.arch: &apos;x86_64&apos;, os.version: &apos;10.11.3&apos;, java.version: &apos;1.8.0_45&apos;
Driver info: io.appium.java_client.android.AndroidDriver
	at org.openqa.selenium.remote.ErrorHandler.createThrowable(ErrorHandler.java:206)
	at org.openqa.selenium.remote.ErrorHandler.throwIfResponseFailed(ErrorHandler.java:158)
	at org.openqa.selenium.remote.RemoteWebDriver.execute(RemoteWebDriver.java:678)
	at io.appium.java_client.DefaultGenericMobileDriver.execute(DefaultGenericMobileDriver.java:42)
	at io.appium.java_client.AppiumDriver.execute(AppiumDriver.java:1)
	at io.appium.java_client.android.AndroidDriver.execute(AndroidDriver.java:1)
	at org.openqa.selenium.remote.RemoteWebDriver.startSession(RemoteWebDriver.java:249)
	at org.openqa.selenium.remote.RemoteWebDriver.&lt;init&gt;(RemoteWebDriver.java:131)
	at org.openqa.selenium.remote.RemoteWebDriver.&lt;init&gt;(RemoteWebDriver.java:144)
	at io.appium.java_client.DefaultGenericMobileDriver.&lt;init&gt;(DefaultGenericMobileDriver.java:37)
	at io.appium.java_client.AppiumDriver.&lt;init&gt;(AppiumDriver.java:161)
	at io.appium.java_client.AppiumDriver.&lt;init&gt;(AppiumDriver.java:170)
	at io.appium.java_client.android.AndroidDriver.&lt;init&gt;(AndroidDriver.java:82)
	at com.bdd.SkyGo.SkyGoSmokeTest.SetCapabilities.beforeClass(SetCapabilities.java:41)
... Removed 32 stack frames</pre></div><a href='#' onClick='toggleBox("stack-trace1661406123", this, "Click to show all stack frames", "Click to hide stack frames")'>Click to show all stack frames</a>
<div class='stack-trace' id='stack-trace1661406123'><pre>org.openqa.selenium.SessionNotCreatedException: A new session could not be created. (Original error: Could not find a connected Android device.) (WARNING: The server did not provide any stacktrace information)
Command duration or timeout: 27.69 seconds
Build info: version: &apos;2.50.0&apos;, revision: &apos;1070ace4650453d518aeb03e7a9a36c9d264a8e7&apos;, time: &apos;2016-01-27 10:46:18&apos;
System info: host: &apos;Syeds-MBP&apos;, ip: &apos;192.168.0.2&apos;, os.name: &apos;Mac OS X&apos;, os.arch: &apos;x86_64&apos;, os.version: &apos;10.11.3&apos;, java.version: &apos;1.8.0_45&apos;
Driver info: io.appium.java_client.android.AndroidDriver
	at sun.reflect.NativeConstructorAccessorImpl.newInstance0(Native Method)
	at sun.reflect.NativeConstructorAccessorImpl.newInstance(NativeConstructorAccessorImpl.java:62)
	at sun.reflect.DelegatingConstructorAccessorImpl.newInstance(DelegatingConstructorAccessorImpl.java:45)
	at java.lang.reflect.Constructor.newInstance(Constructor.java:422)
	at org.openqa.selenium.remote.ErrorHandler.createThrowable(ErrorHandler.java:206)
	at org.openqa.selenium.remote.ErrorHandler.throwIfResponseFailed(ErrorHandler.java:158)
	at org.openqa.selenium.remote.RemoteWebDriver.execute(RemoteWebDriver.java:678)
	at io.appium.java_client.DefaultGenericMobileDriver.execute(DefaultGenericMobileDriver.java:42)
	at io.appium.java_client.AppiumDriver.execute(AppiumDriver.java:1)
	at io.appium.java_client.android.AndroidDriver.execute(AndroidDriver.java:1)
	at org.openqa.selenium.remote.RemoteWebDriver.startSession(RemoteWebDriver.java:249)
	at org.openqa.selenium.remote.RemoteWebDriver.&lt;init&gt;(RemoteWebDriver.java:131)
	at org.openqa.selenium.remote.RemoteWebDriver.&lt;init&gt;(RemoteWebDriver.java:144)
	at io.appium.java_client.DefaultGenericMobileDriver.&lt;init&gt;(DefaultGenericMobileDriver.java:37)
	at io.appium.java_client.AppiumDriver.&lt;init&gt;(AppiumDriver.java:161)
	at io.appium.java_client.AppiumDriver.&lt;init&gt;(AppiumDriver.java:170)
	at io.appium.java_client.android.AndroidDriver.&lt;init&gt;(AndroidDriver.java:82)
	at com.bdd.SkyGo.SkyGoSmokeTest.SetCapabilities.beforeClass(SetCapabilities.java:41)
	at sun.reflect.NativeMethodAccessorImpl.invoke0(Native Method)
	at sun.reflect.NativeMethodAccessorImpl.invoke(NativeMethodAccessorImpl.java:62)
	at sun.reflect.DelegatingMethodAccessorImpl.invoke(DelegatingMethodAccessorImpl.java:43)
	at java.lang.reflect.Method.invoke(Method.java:497)
	at org.testng.internal.MethodInvocationHelper.invokeMethod(MethodInvocationHelper.java:86)
	at org.testng.internal.Invoker.invokeConfigurationMethod(Invoker.java:514)
	at org.testng.internal.Invoker.invokeConfigurations(Invoker.java:215)
	at org.testng.internal.Invoker.invokeConfigurations(Invoker.java:142)
	at org.testng.internal.TestMethodWorker.invokeBeforeClassMethods(TestMethodWorker.java:178)
	at org.testng.internal.TestMethodWorker.run(TestMethodWorker.java:108)
	at org.testng.TestRunner.privateRun(TestRunner.java:782)
	at org.testng.TestRunner.run(TestRunner.java:632)
	at org.testng.SuiteRunner.runTest(SuiteRunner.java:366)
	at org.testng.SuiteRunner.runSequentially(SuiteRunner.java:361)
	at org.testng.SuiteRunner.privateRun(SuiteRunner.java:319)
	at org.testng.SuiteRunner.run(SuiteRunner.java:268)
	at org.testng.SuiteRunnerWorker.runSuite(SuiteRunnerWorker.java:52)
	at org.testng.SuiteRunnerWorker.run(SuiteRunnerWorker.java:86)
	at org.testng.TestNG.runSuitesSequentially(TestNG.java:1244)
	at org.testng.TestNG.runSuitesLocally(TestNG.java:1169)
	at org.testng.TestNG.run(TestNG.java:1064)
	at org.apache.maven.surefire.testng.TestNGExecutor.run(TestNGExecutor.java:132)
	at org.apache.maven.surefire.testng.TestNGDirectoryTestSuite.executeMulti(TestNGDirectoryTestSuite.java:193)
	at org.apache.maven.surefire.testng.TestNGDirectoryTestSuite.execute(TestNGDirectoryTestSuite.java:94)
	at org.apache.maven.surefire.testng.TestNGProvider.invoke(TestNGProvider.java:147)
	at org.apache.maven.surefire.booter.ForkedBooter.invokeProviderInSameClassLoader(ForkedBooter.java:290)
	at org.apache.maven.surefire.booter.ForkedBooter.runSuitesInProcess(ForkedBooter.java:242)
	at org.apache.maven.surefire.booter.ForkedBooter.main(ForkedBooter.java:121)
</pre></div></td>
<td>0</td>
<td>com.bdd.SkyGo.SkyGoSmokeTest.TestSkyGoApp@737996a0</td></tr>
</table><p>
<table width='100%' border='1' class='invocation-skipped'>
<tr><td colspan='4' align='center'><b>SKIPPED CONFIGURATIONS</b></td></tr>
<tr><td><b>Test method</b></td>
<td width="30%"><b>Exception</b></td>
<td width="10%"><b>Time (seconds)</b></td>
<td><b>Instance</b></td>
</tr>
<tr>
<td title='com.bdd.SkyGo.SkyGoSmokeTest.TestSkyMovies.beforeClass()'><b>beforeClass</b><br>Test class: com.bdd.SkyGo.SkyGoSmokeTest.TestSkyMovies</td>
<td></td>
<td>0</td>
<td>com.bdd.SkyGo.SkyGoSmokeTest.TestSkyMovies@61dc03ce</td></tr>
<tr>
<td title='com.bdd.SkyGo.SkyGoSmokeTest.TestSkyGoApp.afterClass()'><b>afterClass</b><br>Test class: com.bdd.SkyGo.SkyGoSmokeTest.TestSkyGoApp</td>
<td></td>
<td>0</td>
<td>com.bdd.SkyGo.SkyGoSmokeTest.TestSkyGoApp@737996a0</td></tr>
<tr>
<td title='com.bdd.SkyGo.SkyGoSmokeTest.TestSkyMovies.afterClass()'><b>afterClass</b><br>Test class: com.bdd.SkyGo.SkyGoSmokeTest.TestSkyMovies</td>
<td></td>
<td>0</td>
<td>com.bdd.SkyGo.SkyGoSmokeTest.TestSkyMovies@61dc03ce</td></tr>
</table><p>
<table width='100%' border='1' class='invocation-skipped'>
<tr><td colspan='4' align='center'><b>SKIPPED TESTS</b></td></tr>
<tr><td><b>Test method</b></td>
<td width="30%"><b>Exception</b></td>
<td width="10%"><b>Time (seconds)</b></td>
<td><b>Instance</b></td>
</tr>
<tr>
<td title='com.bdd.SkyGo.SkyGoSmokeTest.TestSkyGoApp.testCatchUpLink()'><b>testCatchUpLink</b><br>Test class: com.bdd.SkyGo.SkyGoSmokeTest.TestSkyGoApp</td>
<td></td>
<td>0</td>
<td>com.bdd.SkyGo.SkyGoSmokeTest.TestSkyGoApp@737996a0</td></tr>
<tr>
<td title='com.bdd.SkyGo.SkyGoSmokeTest.TestSkyGoApp.testRunMovie()'><b>testRunMovie</b><br>Test class: com.bdd.SkyGo.SkyGoSmokeTest.TestSkyGoApp</td>
<td></td>
<td>0</td>
<td>com.bdd.SkyGo.SkyGoSmokeTest.TestSkyGoApp@737996a0</td></tr>
<tr>
<td title='com.bdd.SkyGo.SkyGoSmokeTest.TestSkyMovies.testRunMovie()'><b>testRunMovie</b><br>Test class: com.bdd.SkyGo.SkyGoSmokeTest.TestSkyMovies</td>
<td></td>
<td>0</td>
<td>com.bdd.SkyGo.SkyGoSmokeTest.TestSkyMovies@61dc03ce</td></tr>
<tr>
<td title='com.bdd.SkyGo.SkyGoSmokeTest.TestSkyGoApp.testSearchButton()'><b>testSearchButton</b><br>Test class: com.bdd.SkyGo.SkyGoSmokeTest.TestSkyGoApp</td>
<td></td>
<td>0</td>
<td>com.bdd.SkyGo.SkyGoSmokeTest.TestSkyGoApp@737996a0</td></tr>
<tr>
<td title='com.bdd.SkyGo.SkyGoSmokeTest.TestSkyGoApp.testSignInJourny()'><b>testSignInJourny</b><br>Test class: com.bdd.SkyGo.SkyGoSmokeTest.TestSkyGoApp</td>
<td></td>
<td>0</td>
<td>com.bdd.SkyGo.SkyGoSmokeTest.TestSkyGoApp@737996a0</td></tr>
<tr>
<td title='com.bdd.SkyGo.SkyGoSmokeTest.TestSkyGoApp.testSignOutJourny()'><b>testSignOutJourny</b><br>Test class: com.bdd.SkyGo.SkyGoSmokeTest.TestSkyGoApp</td>
<td></td>
<td>0</td>
<td>com.bdd.SkyGo.SkyGoSmokeTest.TestSkyGoApp@737996a0</td></tr>
<tr>
<td title='com.bdd.SkyGo.SkyGoSmokeTest.TestSkyGoApp.testSkyBoxSetsLink()'><b>testSkyBoxSetsLink</b><br>Test class: com.bdd.SkyGo.SkyGoSmokeTest.TestSkyGoApp</td>
<td></td>
<td>0</td>
<td>com.bdd.SkyGo.SkyGoSmokeTest.TestSkyGoApp@737996a0</td></tr>
<tr>
<td title='com.bdd.SkyGo.SkyGoSmokeTest.TestSkyGoApp.testSportsLink()'><b>testSportsLink</b><br>Test class: com.bdd.SkyGo.SkyGoSmokeTest.TestSkyGoApp</td>
<td></td>
<td>0</td>
<td>com.bdd.SkyGo.SkyGoSmokeTest.TestSkyGoApp@737996a0</td></tr>
</table><p>
</body>
</html>